<?xml version="1.0" encoding="UTF-8"?>
<coverage generated="1377823026">
  <project timestamp="1377823026">
    <package name="Icecave\Manifold\Connection">
      <file name="/home/travis/build/IcecaveLabs/manifold/lib/Icecave/Manifold/Connection/ConnectionFactory.php">
        <class name="ConnectionFactory" namespace="Icecave\Manifold\Connection">
          <metrics methods="2" coveredmethods="0" conditionals="0" coveredconditionals="0" statements="14" coveredstatements="0" elements="16" coveredelements="0"/>
        </class>
        <line num="13" type="method" name="__construct" crap="2" count="0"/>
        <line num="15" type="stmt" count="0"/>
        <line num="17" type="stmt" count="0"/>
        <line num="19" type="stmt" count="0"/>
        <line num="20" type="stmt" count="0"/>
        <line num="21" type="stmt" count="0"/>
        <line num="22" type="stmt" count="0"/>
        <line num="24" type="stmt" count="0"/>
        <line num="35" type="method" name="createConnection" crap="2" count="0"/>
        <line num="37" type="stmt" count="0"/>
        <line num="39" type="stmt" count="0"/>
        <line num="40" type="stmt" count="0"/>
        <line num="41" type="stmt" count="0"/>
        <line num="42" type="stmt" count="0"/>
        <line num="43" type="stmt" count="0"/>
        <line num="44" type="stmt" count="0"/>
        <line num="49" type="stmt" count="0"/>
        <metrics loc="48" ncloc="36" classes="1" methods="2" coveredmethods="0" conditionals="0" coveredconditionals="0" statements="14" coveredstatements="0" elements="16" coveredelements="0"/>
      </file>
    </package>
    <file name="/home/travis/build/IcecaveLabs/manifold/lib/Icecave/Manifold/Connection/ConnectionFactoryInterface.php">
      <line num="17" type="stmt" count="0"/>
      <metrics loc="16" ncloc="7" classes="0" methods="0" coveredmethods="0" conditionals="0" coveredconditionals="0" statements="0" coveredstatements="0" elements="0" coveredelements="0"/>
    </file>
    <package name="Icecave\Manifold\Exception">
      <file name="/home/travis/build/IcecaveLabs/manifold/lib/Icecave/Manifold/Exception/UnknownDatabaseException.php">
        <class name="UnknownDatabaseException" namespace="Icecave\Manifold\Exception">
          <metrics methods="1" coveredmethods="0" conditionals="0" coveredconditionals="0" statements="3" coveredstatements="0" elements="4" coveredelements="0"/>
        </class>
        <line num="13" type="method" name="__construct" crap="2" count="0"/>
        <line num="15" type="stmt" count="0"/>
        <line num="17" type="stmt" count="0"/>
        <line num="18" type="stmt" count="0"/>
        <line num="20" type="stmt" count="0"/>
        <metrics loc="19" ncloc="16" classes="1" methods="1" coveredmethods="0" conditionals="0" coveredconditionals="0" statements="3" coveredstatements="0" elements="4" coveredelements="0"/>
      </file>
    </package>
    <package name="Icecave\Manifold\PDO">
      <file name="/home/travis/build/IcecaveLabs/manifold/lib/Icecave/Manifold/PDO/AbstractPDOProxy.php">
        <class name="AbstractPDOProxy" namespace="Icecave\Manifold\PDO">
          <metrics methods="15" coveredmethods="14" conditionals="0" coveredconditionals="0" statements="67" coveredstatements="67" elements="82" coveredelements="81"/>
        </class>
        <line num="10" type="method" name="__construct" crap="1" count="13"/>
        <line num="12" type="stmt" count="13"/>
        <line num="15" type="stmt" count="13"/>
        <line num="24" type="method" name="exec" crap="1" count="1"/>
        <line num="26" type="stmt" count="1"/>
        <line num="28" type="stmt" count="1"/>
        <line num="29" type="stmt" count="1"/>
        <line num="30" type="stmt" count="1"/>
        <line num="31" type="stmt" count="1"/>
        <line num="42" type="method" name="prepare" crap="1" count="1"/>
        <line num="44" type="stmt" count="1"/>
        <line num="46" type="stmt" count="1"/>
        <line num="47" type="stmt" count="1"/>
        <line num="48" type="stmt" count="1"/>
        <line num="49" type="stmt" count="1"/>
        <line num="61" type="method" name="query" crap="1" count="1"/>
        <line num="64" type="stmt" count="1"/>
        <line num="65" type="stmt" count="1"/>
        <line num="66" type="stmt" count="1"/>
        <line num="67" type="stmt" count="1"/>
        <line num="78" type="method" name="quote" crap="1" count="1"/>
        <line num="80" type="stmt" count="1"/>
        <line num="82" type="stmt" count="1"/>
        <line num="83" type="stmt" count="1"/>
        <line num="84" type="stmt" count="1"/>
        <line num="85" type="stmt" count="1"/>
        <line num="95" type="method" name="lastInsertId" crap="1" count="1"/>
        <line num="97" type="stmt" count="1"/>
        <line num="99" type="stmt" count="1"/>
        <line num="100" type="stmt" count="1"/>
        <line num="101" type="stmt" count="1"/>
        <line num="102" type="stmt" count="1"/>
        <line num="110" type="method" name="beginTransaction" crap="1" count="1"/>
        <line num="112" type="stmt" count="1"/>
        <line num="114" type="stmt" count="1"/>
        <line num="115" type="stmt" count="1"/>
        <line num="116" type="stmt" count="1"/>
        <line num="117" type="stmt" count="1"/>
        <line num="125" type="method" name="commit" crap="1" count="1"/>
        <line num="127" type="stmt" count="1"/>
        <line num="129" type="stmt" count="1"/>
        <line num="130" type="stmt" count="1"/>
        <line num="131" type="stmt" count="1"/>
        <line num="132" type="stmt" count="1"/>
        <line num="140" type="method" name="rollBack" crap="1" count="1"/>
        <line num="142" type="stmt" count="1"/>
        <line num="144" type="stmt" count="1"/>
        <line num="145" type="stmt" count="1"/>
        <line num="146" type="stmt" count="1"/>
        <line num="147" type="stmt" count="1"/>
        <line num="155" type="method" name="inTransaction" crap="1" count="1"/>
        <line num="157" type="stmt" count="1"/>
        <line num="159" type="stmt" count="1"/>
        <line num="160" type="stmt" count="1"/>
        <line num="161" type="stmt" count="1"/>
        <line num="162" type="stmt" count="1"/>
        <line num="170" type="method" name="errorCode" crap="1" count="1"/>
        <line num="172" type="stmt" count="1"/>
        <line num="174" type="stmt" count="1"/>
        <line num="175" type="stmt" count="1"/>
        <line num="176" type="stmt" count="1"/>
        <line num="177" type="stmt" count="1"/>
        <line num="185" type="method" name="errorInfo" crap="1" count="1"/>
        <line num="187" type="stmt" count="1"/>
        <line num="189" type="stmt" count="1"/>
        <line num="190" type="stmt" count="1"/>
        <line num="191" type="stmt" count="1"/>
        <line num="192" type="stmt" count="1"/>
        <line num="202" type="method" name="getAttribute" crap="1" count="1"/>
        <line num="204" type="stmt" count="1"/>
        <line num="206" type="stmt" count="1"/>
        <line num="207" type="stmt" count="1"/>
        <line num="208" type="stmt" count="1"/>
        <line num="209" type="stmt" count="1"/>
        <line num="218" type="method" name="setAttribute" crap="1" count="1"/>
        <line num="220" type="stmt" count="1"/>
        <line num="222" type="stmt" count="1"/>
        <line num="223" type="stmt" count="1"/>
        <line num="224" type="stmt" count="1"/>
        <line num="225" type="stmt" count="1"/>
        <line num="226" type="stmt" count="1"/>
        <line num="228" type="method" name="innerConnection" crap="1" count="0"/>
        <line num="232" type="stmt" count="0"/>
        <metrics loc="231" ncloc="145" classes="1" methods="14" coveredmethods="14" conditionals="0" coveredconditionals="0" statements="67" coveredstatements="67" elements="81" coveredelements="81"/>
      </file>
      <file name="/home/travis/build/IcecaveLabs/manifold/lib/Icecave/Manifold/PDO/LazyPDO.php">
        <class name="LazyPDO" namespace="Icecave\Manifold\PDO">
          <metrics methods="8" coveredmethods="7" conditionals="0" coveredconditionals="0" statements="29" coveredstatements="29" elements="37" coveredelements="36"/>
        </class>
        <line num="18" type="method" name="__construct" crap="1" count="7"/>
        <line num="24" type="stmt" count="7"/>
        <line num="26" type="stmt" count="7"/>
        <line num="27" type="stmt" count="7"/>
        <line num="28" type="stmt" count="7"/>
        <line num="29" type="stmt" count="7"/>
        <line num="30" type="stmt" count="7"/>
        <line num="33" type="stmt" count="7"/>
        <line num="44" type="method" name="getAttribute" crap="3" count="3"/>
        <line num="46" type="stmt" count="3"/>
        <line num="54" type="stmt" count="2"/>
        <line num="55" type="stmt" count="2"/>
        <line num="57" type="stmt" count="1"/>
        <line num="69" type="method" name="setAttribute" crap="2" count="3"/>
        <line num="71" type="stmt" count="3"/>
        <line num="79" type="stmt" count="2"/>
        <line num="80" type="stmt" count="2"/>
        <line num="87" type="method" name="isConnected" crap="1" count="7"/>
        <line num="89" type="stmt" count="7"/>
        <line num="91" type="stmt" count="7"/>
        <line num="97" type="method" name="connect" crap="2" count="5"/>
        <line num="99" type="stmt" count="5"/>
        <line num="101" type="stmt" count="5"/>
        <line num="102" type="stmt" count="5"/>
        <line num="104" type="stmt" count="5"/>
        <line num="105" type="stmt" count="5"/>
        <line num="107" type="stmt" count="5"/>
        <line num="108" type="stmt" count="5"/>
        <line num="109" type="stmt" count="1"/>
        <line num="111" type="stmt" count="5"/>
        <line num="118" type="method" name="beforeConnect" crap="1" count="5"/>
        <line num="120" type="stmt" count="5"/>
        <line num="121" type="stmt" count="5"/>
        <line num="128" type="method" name="afterConnect" crap="1" count="5"/>
        <line num="130" type="stmt" count="5"/>
        <line num="131" type="stmt" count="5"/>
        <line num="161" type="stmt" count="0"/>
        <metrics loc="160" ncloc="94" classes="1" methods="7" coveredmethods="7" conditionals="0" coveredconditionals="0" statements="29" coveredstatements="29" elements="36" coveredelements="36"/>
      </file>
    </package>
    <file name="/home/travis/build/IcecaveLabs/manifold/lib/Icecave/Manifold/Replication/ReplicationManagerInterface.php">
      <metrics loc="46" ncloc="15" classes="0" methods="0" coveredmethods="0" conditionals="0" coveredconditionals="0" statements="0" coveredstatements="0" elements="0" coveredelements="0"/>
    </file>
    <package name="Icecave\Manifold\Replication">
      <file name="/home/travis/build/IcecaveLabs/manifold/lib/Icecave/Manifold/Replication/ReplicationTree.php">
        <class name="ReplicationTree" namespace="Icecave\Manifold\Replication">
          <metrics methods="16" coveredmethods="16" conditionals="0" coveredconditionals="0" statements="63" coveredstatements="63" elements="79" coveredelements="79"/>
        </class>
        <line num="0" type="stmt" count="0"/>
        <line num="21" type="method" name="__construct" crap="1" count="27"/>
        <line num="23" type="stmt" count="27"/>
        <line num="25" type="stmt" count="27"/>
        <line num="26" type="stmt" count="27"/>
        <line num="27" type="stmt" count="27"/>
        <line num="28" type="stmt" count="27"/>
        <line num="35" type="method" name="replicationRoot" crap="1" count="1"/>
        <line num="37" type="stmt" count="1"/>
        <line num="39" type="stmt" count="1"/>
        <line num="49" type="method" name="hasConnection" crap="1" count="11"/>
        <line num="51" type="stmt" count="11"/>
        <line num="53" type="stmt" count="11"/>
        <line num="63" type="method" name="isRoot" crap="2" count="7"/>
        <line num="65" type="stmt" count="7"/>
        <line num="67" type="stmt" count="7"/>
        <line num="68" type="stmt" count="3"/>
        <line num="71" type="stmt" count="4"/>
        <line num="81" type="method" name="isLeaf" crap="1" count="4"/>
        <line num="83" type="stmt" count="4"/>
        <line num="85" type="stmt" count="4"/>
        <line num="95" type="method" name="isMaster" crap="1" count="2"/>
        <line num="97" type="stmt" count="2"/>
        <line num="99" type="stmt" count="2"/>
        <line num="109" type="method" name="isSlave" crap="1" count="2"/>
        <line num="111" type="stmt" count="2"/>
        <line num="113" type="stmt" count="2"/>
        <line num="123" type="method" name="masterOf" crap="1" count="4"/>
        <line num="125" type="stmt" count="4"/>
        <line num="127" type="stmt" count="4"/>
        <line num="137" type="method" name="slavesOf" crap="1" count="3"/>
        <line num="139" type="stmt" count="3"/>
        <line num="141" type="stmt" count="3"/>
        <line num="152" type="method" name="isReplicatingTo" crap="1" count="3"/>
        <line num="154" type="stmt" count="3"/>
        <line num="156" type="stmt" count="3"/>
        <line num="167" type="method" name="isMasterOf" crap="2" count="3"/>
        <line num="169" type="stmt" count="3"/>
        <line num="171" type="stmt" count="3"/>
        <line num="172" type="stmt" count="1"/>
        <line num="175" type="stmt" count="2"/>
        <line num="186" type="method" name="countHops" crap="3" count="6"/>
        <line num="188" type="stmt" count="6"/>
        <line num="191" type="stmt" count="6"/>
        <line num="192" type="stmt" count="4"/>
        <line num="194" type="stmt" count="2"/>
        <line num="197" type="stmt" count="2"/>
        <line num="198" type="stmt" count="2"/>
        <line num="200" type="stmt" count="2"/>
        <line num="201" type="stmt" count="2"/>
        <line num="202" type="stmt" count="2"/>
        <line num="204" type="stmt" count="2"/>
        <line num="215" type="method" name="addSlave" crap="1" count="27"/>
        <line num="217" type="stmt" count="27"/>
        <line num="219" type="stmt" count="27"/>
        <line num="220" type="stmt" count="27"/>
        <line num="221" type="stmt" count="27"/>
        <line num="222" type="stmt" count="27"/>
        <line num="229" type="method" name="removeSlave" crap="3" count="3"/>
        <line num="231" type="stmt" count="3"/>
        <line num="233" type="stmt" count="3"/>
        <line num="234" type="stmt" count="1"/>
        <line num="237" type="stmt" count="1"/>
        <line num="238" type="stmt" count="1"/>
        <line num="239" type="stmt" count="1"/>
        <line num="241" type="stmt" count="1"/>
        <line num="242" type="stmt" count="1"/>
        <line num="243" type="stmt" count="1"/>
        <line num="244" type="stmt" count="1"/>
        <line num="251" type="method" name="createEntry" crap="1" count="27"/>
        <line num="253" type="stmt" count="27"/>
        <line num="255" type="stmt" count="27"/>
        <line num="256" type="stmt" count="27"/>
        <line num="257" type="stmt" count="27"/>
        <line num="259" type="stmt" count="27"/>
        <line num="267" type="method" name="getEntry" crap="2" count="27"/>
        <line num="269" type="stmt" count="27"/>
        <line num="272" type="stmt" count="27"/>
        <line num="273" type="stmt" count="10"/>
        <line num="274" type="stmt" count="10"/>
        <line num="282" type="stmt" count="0"/>
        <metrics loc="281" ncloc="172" classes="1" methods="16" coveredmethods="16" conditionals="0" coveredconditionals="0" statements="63" coveredstatements="63" elements="79" coveredelements="79"/>
      </file>
    </package>
    <metrics files="7" loc="801" ncloc="485" classes="5" methods="40" coveredmethods="37" conditionals="0" coveredconditionals="0" statements="176" coveredstatements="159" elements="216" coveredelements="196"/>
  </project>
</coverage>
