<?xml version="1.0" encoding="UTF-8"?>
<testsuites>
  <testsuite name="" tests="47" assertions="112" failures="0" errors="0" time="1.588451">
    <testsuite name="Icecave\Manifold\Connection\ConnectionFactoryTest" file="/home/travis/build/IcecaveLabs/manifold/test/suite/Icecave/Manifold/Connection/ConnectionFactoryTest.php" namespace="Icecave\Manifold\Connection" fullPackage="Icecave.Manifold.Connection" tests="0" assertions="0" failures="0" errors="0" time="0.000000"/>
    <testsuite name="Icecave\Manifold\PDO\AbstractPDOProxyTest" file="/home/travis/build/IcecaveLabs/manifold/test/suite/Icecave/Manifold/PDO/AbstractPDOProxyTest.php" namespace="Icecave\Manifold\PDO" fullPackage="Icecave.Manifold.PDO" tests="13" assertions="22" failures="0" errors="0" time="0.117500">
      <testcase name="testExec" class="Icecave\Manifold\PDO\AbstractPDOProxyTest" file="/home/travis/build/IcecaveLabs/manifold/test/suite/Icecave/Manifold/PDO/AbstractPDOProxyTest.php" line="21" assertions="2" time="0.019031"/>
      <testcase name="testPrepare" class="Icecave\Manifold\PDO\AbstractPDOProxyTest" file="/home/travis/build/IcecaveLabs/manifold/test/suite/Icecave/Manifold/PDO/AbstractPDOProxyTest.php" line="34" assertions="2" time="0.008908"/>
      <testcase name="testQuery" class="Icecave\Manifold\PDO\AbstractPDOProxyTest" file="/home/travis/build/IcecaveLabs/manifold/test/suite/Icecave/Manifold/PDO/AbstractPDOProxyTest.php" line="51" assertions="2" time="0.008326"/>
      <testcase name="testQuote" class="Icecave\Manifold\PDO\AbstractPDOProxyTest" file="/home/travis/build/IcecaveLabs/manifold/test/suite/Icecave/Manifold/PDO/AbstractPDOProxyTest.php" line="64" assertions="2" time="0.008773"/>
      <testcase name="testLastInsertId" class="Icecave\Manifold\PDO\AbstractPDOProxyTest" file="/home/travis/build/IcecaveLabs/manifold/test/suite/Icecave/Manifold/PDO/AbstractPDOProxyTest.php" line="77" assertions="2" time="0.008397"/>
      <testcase name="testBeginTransaction" class="Icecave\Manifold\PDO\AbstractPDOProxyTest" file="/home/travis/build/IcecaveLabs/manifold/test/suite/Icecave/Manifold/PDO/AbstractPDOProxyTest.php" line="90" assertions="1" time="0.007380"/>
      <testcase name="testCommit" class="Icecave\Manifold\PDO\AbstractPDOProxyTest" file="/home/travis/build/IcecaveLabs/manifold/test/suite/Icecave/Manifold/PDO/AbstractPDOProxyTest.php" line="97" assertions="1" time="0.007369"/>
      <testcase name="testRollBack" class="Icecave\Manifold\PDO\AbstractPDOProxyTest" file="/home/travis/build/IcecaveLabs/manifold/test/suite/Icecave/Manifold/PDO/AbstractPDOProxyTest.php" line="104" assertions="1" time="0.007385"/>
      <testcase name="testInTransaction" class="Icecave\Manifold\PDO\AbstractPDOProxyTest" file="/home/travis/build/IcecaveLabs/manifold/test/suite/Icecave/Manifold/PDO/AbstractPDOProxyTest.php" line="111" assertions="2" time="0.008456"/>
      <testcase name="testErrorCode" class="Icecave\Manifold\PDO\AbstractPDOProxyTest" file="/home/travis/build/IcecaveLabs/manifold/test/suite/Icecave/Manifold/PDO/AbstractPDOProxyTest.php" line="124" assertions="2" time="0.007958"/>
      <testcase name="testErrorInfo" class="Icecave\Manifold\PDO\AbstractPDOProxyTest" file="/home/travis/build/IcecaveLabs/manifold/test/suite/Icecave/Manifold/PDO/AbstractPDOProxyTest.php" line="137" assertions="2" time="0.008784"/>
      <testcase name="testGetAttribute" class="Icecave\Manifold\PDO\AbstractPDOProxyTest" file="/home/travis/build/IcecaveLabs/manifold/test/suite/Icecave/Manifold/PDO/AbstractPDOProxyTest.php" line="150" assertions="2" time="0.008411"/>
      <testcase name="testSetAttribute" class="Icecave\Manifold\PDO\AbstractPDOProxyTest" file="/home/travis/build/IcecaveLabs/manifold/test/suite/Icecave/Manifold/PDO/AbstractPDOProxyTest.php" line="163" assertions="1" time="0.008321"/>
    </testsuite>
    <testsuite name="Icecave\Manifold\PDO\LazyPDOTest" file="/home/travis/build/IcecaveLabs/manifold/test/suite/Icecave/Manifold/PDO/LazyPDOTest.php" namespace="Icecave\Manifold\PDO" fullPackage="Icecave.Manifold.PDO" tests="7" assertions="15" failures="0" errors="0" time="0.081969">
      <testcase name="testIsConnected" class="Icecave\Manifold\PDO\LazyPDOTest" file="/home/travis/build/IcecaveLabs/manifold/test/suite/Icecave/Manifold/PDO/LazyPDOTest.php" line="25" assertions="2" time="0.014755"/>
      <testcase name="testConnect" class="Icecave\Manifold\PDO\LazyPDOTest" file="/home/travis/build/IcecaveLabs/manifold/test/suite/Icecave/Manifold/PDO/LazyPDOTest.php" line="34" assertions="3" time="0.016828"/>
      <testcase name="testGetAttribute" class="Icecave\Manifold\PDO\LazyPDOTest" file="/home/travis/build/IcecaveLabs/manifold/test/suite/Icecave/Manifold/PDO/LazyPDOTest.php" line="48" assertions="3" time="0.009099"/>
      <testcase name="testGetAttributeWhenConnected" class="Icecave\Manifold\PDO\LazyPDOTest" file="/home/travis/build/IcecaveLabs/manifold/test/suite/Icecave/Manifold/PDO/LazyPDOTest.php" line="56" assertions="2" time="0.010384"/>
      <testcase name="testSetAttribute" class="Icecave\Manifold\PDO\LazyPDOTest" file="/home/travis/build/IcecaveLabs/manifold/test/suite/Icecave/Manifold/PDO/LazyPDOTest.php" line="66" assertions="2" time="0.008499"/>
      <testcase name="testSetAttributeBeforeConnected" class="Icecave\Manifold\PDO\LazyPDOTest" file="/home/travis/build/IcecaveLabs/manifold/test/suite/Icecave/Manifold/PDO/LazyPDOTest.php" line="75" assertions="1" time="0.013278"/>
      <testcase name="testSetAttributeWhenConnected" class="Icecave\Manifold\PDO\LazyPDOTest" file="/home/travis/build/IcecaveLabs/manifold/test/suite/Icecave/Manifold/PDO/LazyPDOTest.php" line="84" assertions="2" time="0.009126"/>
    </testsuite>
    <testsuite name="Icecave\Manifold\Replication\ReplicationTreeTest" file="/home/travis/build/IcecaveLabs/manifold/test/suite/Icecave/Manifold/Replication/ReplicationTreeTest.php" namespace="Icecave\Manifold\Replication" fullPackage="Icecave.Manifold.Replication" tests="27" assertions="75" failures="0" errors="0" time="1.388982">
      <testcase name="testReplicationRoot" class="Icecave\Manifold\Replication\ReplicationTreeTest" file="/home/travis/build/IcecaveLabs/manifold/test/suite/Icecave/Manifold/Replication/ReplicationTreeTest.php" line="27" assertions="1" time="0.067360"/>
      <testcase name="testHasConnection" class="Icecave\Manifold\Replication\ReplicationTreeTest" file="/home/travis/build/IcecaveLabs/manifold/test/suite/Icecave/Manifold/Replication/ReplicationTreeTest.php" line="32" assertions="5" time="0.047991"/>
      <testcase name="testIsRoot" class="Icecave\Manifold\Replication\ReplicationTreeTest" file="/home/travis/build/IcecaveLabs/manifold/test/suite/Icecave/Manifold/Replication/ReplicationTreeTest.php" line="41" assertions="4" time="0.045768"/>
      <testcase name="testIsRootWithUnknownConnection" class="Icecave\Manifold\Replication\ReplicationTreeTest" file="/home/travis/build/IcecaveLabs/manifold/test/suite/Icecave/Manifold/Replication/ReplicationTreeTest.php" line="49" assertions="1" time="0.036742"/>
      <testcase name="testIsLeaf" class="Icecave\Manifold\Replication\ReplicationTreeTest" file="/home/travis/build/IcecaveLabs/manifold/test/suite/Icecave/Manifold/Replication/ReplicationTreeTest.php" line="55" assertions="4" time="0.044609"/>
      <testcase name="testIsLeafWithUnknownConnection" class="Icecave\Manifold\Replication\ReplicationTreeTest" file="/home/travis/build/IcecaveLabs/manifold/test/suite/Icecave/Manifold/Replication/ReplicationTreeTest.php" line="63" assertions="1" time="0.040917"/>
      <testcase name="testIsMaster" class="Icecave\Manifold\Replication\ReplicationTreeTest" file="/home/travis/build/IcecaveLabs/manifold/test/suite/Icecave/Manifold/Replication/ReplicationTreeTest.php" line="69" assertions="4" time="0.049103"/>
      <testcase name="testIsMasterWithUnknownConnection" class="Icecave\Manifold\Replication\ReplicationTreeTest" file="/home/travis/build/IcecaveLabs/manifold/test/suite/Icecave/Manifold/Replication/ReplicationTreeTest.php" line="77" assertions="1" time="0.033766"/>
      <testcase name="testIsSlave" class="Icecave\Manifold\Replication\ReplicationTreeTest" file="/home/travis/build/IcecaveLabs/manifold/test/suite/Icecave/Manifold/Replication/ReplicationTreeTest.php" line="83" assertions="4" time="0.044053"/>
      <testcase name="testIsSlaveWithUnknownConnection" class="Icecave\Manifold\Replication\ReplicationTreeTest" file="/home/travis/build/IcecaveLabs/manifold/test/suite/Icecave/Manifold/Replication/ReplicationTreeTest.php" line="91" assertions="1" time="0.033916"/>
      <testcase name="testMasterOf" class="Icecave\Manifold\Replication\ReplicationTreeTest" file="/home/travis/build/IcecaveLabs/manifold/test/suite/Icecave/Manifold/Replication/ReplicationTreeTest.php" line="97" assertions="4" time="0.045500"/>
      <testcase name="testMasterOfWithUnknownConnection" class="Icecave\Manifold\Replication\ReplicationTreeTest" file="/home/travis/build/IcecaveLabs/manifold/test/suite/Icecave/Manifold/Replication/ReplicationTreeTest.php" line="105" assertions="1" time="0.034029"/>
      <testcase name="testSlavesOf" class="Icecave\Manifold\Replication\ReplicationTreeTest" file="/home/travis/build/IcecaveLabs/manifold/test/suite/Icecave/Manifold/Replication/ReplicationTreeTest.php" line="111" assertions="4" time="0.058258"/>
      <testcase name="testSlavesOfWithUnknownConncetion" class="Icecave\Manifold\Replication\ReplicationTreeTest" file="/home/travis/build/IcecaveLabs/manifold/test/suite/Icecave/Manifold/Replication/ReplicationTreeTest.php" line="119" assertions="1" time="0.033305"/>
      <testcase name="testIsReplicatingTo" class="Icecave\Manifold\Replication\ReplicationTreeTest" file="/home/travis/build/IcecaveLabs/manifold/test/suite/Icecave/Manifold/Replication/ReplicationTreeTest.php" line="125" assertions="8" time="0.122769"/>
      <testcase name="testIsReplicatingWithUnknownMaster" class="Icecave\Manifold\Replication\ReplicationTreeTest" file="/home/travis/build/IcecaveLabs/manifold/test/suite/Icecave/Manifold/Replication/ReplicationTreeTest.php" line="138" assertions="1" time="0.034583"/>
      <testcase name="testIsReplicatingWithUnknownSlave" class="Icecave\Manifold\Replication\ReplicationTreeTest" file="/home/travis/build/IcecaveLabs/manifold/test/suite/Icecave/Manifold/Replication/ReplicationTreeTest.php" line="144" assertions="1" time="0.045529"/>
      <testcase name="testIsMasterOf" class="Icecave\Manifold\Replication\ReplicationTreeTest" file="/home/travis/build/IcecaveLabs/manifold/test/suite/Icecave/Manifold/Replication/ReplicationTreeTest.php" line="150" assertions="8" time="0.094627"/>
      <testcase name="testIsMasterOfWithUnknownMaster" class="Icecave\Manifold\Replication\ReplicationTreeTest" file="/home/travis/build/IcecaveLabs/manifold/test/suite/Icecave/Manifold/Replication/ReplicationTreeTest.php" line="163" assertions="1" time="0.037860"/>
      <testcase name="testIsMasterOfWithUnknownSlave" class="Icecave\Manifold\Replication\ReplicationTreeTest" file="/home/travis/build/IcecaveLabs/manifold/test/suite/Icecave/Manifold/Replication/ReplicationTreeTest.php" line="169" assertions="1" time="0.042046"/>
      <testcase name="testCountHops" class="Icecave\Manifold\Replication\ReplicationTreeTest" file="/home/travis/build/IcecaveLabs/manifold/test/suite/Icecave/Manifold/Replication/ReplicationTreeTest.php" line="175" assertions="8" time="0.113341"/>
      <testcase name="testCountHopsWithUnknownMaster" class="Icecave\Manifold\Replication\ReplicationTreeTest" file="/home/travis/build/IcecaveLabs/manifold/test/suite/Icecave/Manifold/Replication/ReplicationTreeTest.php" line="188" assertions="1" time="0.036904"/>
      <testcase name="testCountHopsWithUnknownSlave" class="Icecave\Manifold\Replication\ReplicationTreeTest" file="/home/travis/build/IcecaveLabs/manifold/test/suite/Icecave/Manifold/Replication/ReplicationTreeTest.php" line="194" assertions="1" time="0.042364"/>
      <testcase name="testAddSlaveWithUnknownMaster" class="Icecave\Manifold\Replication\ReplicationTreeTest" file="/home/travis/build/IcecaveLabs/manifold/test/suite/Icecave/Manifold/Replication/ReplicationTreeTest.php" line="200" assertions="1" time="0.034663"/>
      <testcase name="testRemoveSlave" class="Icecave\Manifold\Replication\ReplicationTreeTest" file="/home/travis/build/IcecaveLabs/manifold/test/suite/Icecave/Manifold/Replication/ReplicationTreeTest.php" line="208" assertions="5" time="0.094106"/>
      <testcase name="testRemoveSlaveWithReplicationRoot" class="Icecave\Manifold\Replication\ReplicationTreeTest" file="/home/travis/build/IcecaveLabs/manifold/test/suite/Icecave/Manifold/Replication/ReplicationTreeTest.php" line="219" assertions="2" time="0.035934"/>
      <testcase name="testRemoveSlaveWithUnknownSlave" class="Icecave\Manifold\Replication\ReplicationTreeTest" file="/home/travis/build/IcecaveLabs/manifold/test/suite/Icecave/Manifold/Replication/ReplicationTreeTest.php" line="225" assertions="1" time="0.038939"/>
    </testsuite>
  </testsuite>
</testsuites>
