<?xml version="1.0" encoding="UTF-8"?>
<testsuites>
  <testsuite name="" tests="16" assertions="29" failures="0" errors="0" time="0.148256">
    <testsuite name="Icecave\Manifold\Proxy\AbstractProxyTest" file="/home/travis/build/IcecaveStudios/manifold/test/suite/Icecave/Manifold/Proxy/AbstractProxyTest.php" namespace="Icecave\Manifold\Proxy" fullPackage="Icecave.Manifold.Proxy" tests="13" assertions="22" failures="0" errors="0" time="0.115100">
      <testcase name="testExec" class="Icecave\Manifold\Proxy\AbstractProxyTest" file="/home/travis/build/IcecaveStudios/manifold/test/suite/Icecave/Manifold/Proxy/AbstractProxyTest.php" line="21" assertions="2" time="0.018101"/>
      <testcase name="testPrepare" class="Icecave\Manifold\Proxy\AbstractProxyTest" file="/home/travis/build/IcecaveStudios/manifold/test/suite/Icecave/Manifold/Proxy/AbstractProxyTest.php" line="34" assertions="2" time="0.008639"/>
      <testcase name="testQuery" class="Icecave\Manifold\Proxy\AbstractProxyTest" file="/home/travis/build/IcecaveStudios/manifold/test/suite/Icecave/Manifold/Proxy/AbstractProxyTest.php" line="51" assertions="2" time="0.008113"/>
      <testcase name="testQuote" class="Icecave\Manifold\Proxy\AbstractProxyTest" file="/home/travis/build/IcecaveStudios/manifold/test/suite/Icecave/Manifold/Proxy/AbstractProxyTest.php" line="64" assertions="2" time="0.008340"/>
      <testcase name="testLastInsertId" class="Icecave\Manifold\Proxy\AbstractProxyTest" file="/home/travis/build/IcecaveStudios/manifold/test/suite/Icecave/Manifold/Proxy/AbstractProxyTest.php" line="77" assertions="2" time="0.007891"/>
      <testcase name="testBeginTransaction" class="Icecave\Manifold\Proxy\AbstractProxyTest" file="/home/travis/build/IcecaveStudios/manifold/test/suite/Icecave/Manifold/Proxy/AbstractProxyTest.php" line="90" assertions="1" time="0.007011"/>
      <testcase name="testCommit" class="Icecave\Manifold\Proxy\AbstractProxyTest" file="/home/travis/build/IcecaveStudios/manifold/test/suite/Icecave/Manifold/Proxy/AbstractProxyTest.php" line="97" assertions="1" time="0.007193"/>
      <testcase name="testRollBack" class="Icecave\Manifold\Proxy\AbstractProxyTest" file="/home/travis/build/IcecaveStudios/manifold/test/suite/Icecave/Manifold/Proxy/AbstractProxyTest.php" line="104" assertions="1" time="0.008687"/>
      <testcase name="testInTransaction" class="Icecave\Manifold\Proxy\AbstractProxyTest" file="/home/travis/build/IcecaveStudios/manifold/test/suite/Icecave/Manifold/Proxy/AbstractProxyTest.php" line="111" assertions="2" time="0.008571"/>
      <testcase name="testErrorCode" class="Icecave\Manifold\Proxy\AbstractProxyTest" file="/home/travis/build/IcecaveStudios/manifold/test/suite/Icecave/Manifold/Proxy/AbstractProxyTest.php" line="124" assertions="2" time="0.007737"/>
      <testcase name="testErrorInfo" class="Icecave\Manifold\Proxy\AbstractProxyTest" file="/home/travis/build/IcecaveStudios/manifold/test/suite/Icecave/Manifold/Proxy/AbstractProxyTest.php" line="137" assertions="2" time="0.008018"/>
      <testcase name="testGetAttribute" class="Icecave\Manifold\Proxy\AbstractProxyTest" file="/home/travis/build/IcecaveStudios/manifold/test/suite/Icecave/Manifold/Proxy/AbstractProxyTest.php" line="150" assertions="2" time="0.008478"/>
      <testcase name="testSetAttribute" class="Icecave\Manifold\Proxy\AbstractProxyTest" file="/home/travis/build/IcecaveStudios/manifold/test/suite/Icecave/Manifold/Proxy/AbstractProxyTest.php" line="163" assertions="1" time="0.008321"/>
    </testsuite>
    <testsuite name="Icecave\Manifold\Proxy\LazyConnectorTest" file="/home/travis/build/IcecaveStudios/manifold/test/suite/Icecave/Manifold/Proxy/LazyConnectorTest.php" namespace="Icecave\Manifold\Proxy" fullPackage="Icecave.Manifold.Proxy" tests="3" assertions="7" failures="0" errors="0" time="0.033156">
      <testcase name="testConstructorDefaults" class="Icecave\Manifold\Proxy\LazyConnectorTest" file="/home/travis/build/IcecaveStudios/manifold/test/suite/Icecave/Manifold/Proxy/LazyConnectorTest.php" line="23" assertions="2" time="0.019054"/>
      <testcase name="testInnerConnection" class="Icecave\Manifold\Proxy\LazyConnectorTest" file="/home/travis/build/IcecaveStudios/manifold/test/suite/Icecave/Manifold/Proxy/LazyConnectorTest.php" line="33" assertions="3" time="0.007654"/>
      <testcase name="testIsConnected" class="Icecave\Manifold\Proxy\LazyConnectorTest" file="/home/travis/build/IcecaveStudios/manifold/test/suite/Icecave/Manifold/Proxy/LazyConnectorTest.php" line="44" assertions="2" time="0.006448"/>
    </testsuite>
  </testsuite>
</testsuites>
